# JRE version: OpenJDK Runtime Environment (8.0_151-b12) (build 1.8.0_151-8u151-b12-0ubuntu0.16.04.2-b12)
# Java VM: OpenJDK 64-Bit Server VM (25.151-b12 mixed mode linux-amd64 compressed oops)
Heap:
 PSYoungGen      total 308736K, used 86683K [0x00000000d6f00000, 0x00000000efb00000, 0x0000000100000000)
  eden space 212480K, 5% used [0x00000000d6f00000,0x00000000d7a06e50,0x00000000e3e80000)
  from space 96256K, 78% used [0x00000000e3e80000,0x00000000e8820010,0x00000000e9c80000)
  to   space 95744K, 0% used [0x00000000e9d80000,0x00000000e9d80000,0x00000000efb00000)
 ParOldGen       total 412160K, used 300809K [0x0000000084c00000, 0x000000009de80000, 0x00000000d6f00000)
  object space 412160K, 72% used [0x0000000084c00000,0x00000000971c2408,0x000000009de80000)
 Metaspace       used 53558K, capacity 55521K, committed 61104K, reserved 1099776K
  class space    used 8817K, capacity 9365K, committed 10928K, reserved 1048576K
GC Heap History (10 events):
Event: 842,845 GC heap before
{Heap before GC invocations=111 (full 4):
 PSYoungGen      total 308224K, used 283328K [0x00000000d6f00000, 0x00000000efd80000, 0x0000000100000000)
  eden space 209408K, 100% used [0x00000000d6f00000,0x00000000e3b80000,0x00000000e3b80000)
  from space 98816K, 74% used [0x00000000e9d00000,0x00000000ee530010,0x00000000efd80000)
  to   space 99328K, 0% used [0x00000000e3b80000,0x00000000e3b80000,0x00000000e9c80000)
 ParOldGen       total 412160K, used 276793K [0x0000000084c00000, 0x000000009de80000, 0x00000000d6f00000)
  object space 412160K, 67% used [0x0000000084c00000,0x0000000095a4e408,0x000000009de80000)
 Metaspace       used 53545K, capacity 55521K, committed 61104K, reserved 1099776K
  class space    used 8816K, capacity 9365K, committed 10928K, reserved 1048576K
Event: 842,876 GC heap after
Heap after GC invocations=111 (full 4):
 PSYoungGen      total 308736K, used 74176K [0x00000000d6f00000, 0x00000000efd00000, 0x0000000100000000)
  eden space 209408K, 0% used [0x00000000d6f00000,0x00000000d6f00000,0x00000000e3b80000)
  from space 99328K, 74% used [0x00000000e3b80000,0x00000000e83f0010,0x00000000e9c80000)
  to   space 98304K, 0% used [0x00000000e9d00000,0x00000000e9d00000,0x00000000efd00000)
 ParOldGen       total 412160K, used 281569K [0x0000000084c00000, 0x000000009de80000, 0x00000000d6f00000)
  object space 412160K, 68% used [0x0000000084c00000,0x0000000095ef8408,0x000000009de80000)
 Metaspace       used 53545K, capacity 55521K, committed 61104K, reserved 1099776K
  class space    used 8816K, capacity 9365K, committed 10928K, reserved 1048576K
}
Event: 856,363 GC heap before
{Heap before GC invocations=112 (full 4):
 PSYoungGen      total 308736K, used 283584K [0x00000000d6f00000, 0x00000000efd00000, 0x0000000100000000)
  eden space 209408K, 100% used [0x00000000d6f00000,0x00000000e3b80000,0x00000000e3b80000)
  from space 99328K, 74% used [0x00000000e3b80000,0x00000000e83f0010,0x00000000e9c80000)
  to   space 98304K, 0% used [0x00000000e9d00000,0x00000000e9d00000,0x00000000efd00000)
 ParOldGen       total 412160K, used 281569K [0x0000000084c00000, 0x000000009de80000, 0x00000000d6f00000)
  object space 412160K, 68% used [0x0000000084c00000,0x0000000095ef8408,0x000000009de80000)
 Metaspace       used 53545K, capacity 55521K, committed 61104K, reserved 1099776K
  class space    used 8816K, capacity 9365K, committed 10928K, reserved 1048576K
Event: 856,393 GC heap after
Heap after GC invocations=112 (full 4):
 PSYoungGen      total 308224K, used 74464K [0x00000000d6f00000, 0x00000000efc00000, 0x0000000100000000)
  eden space 210944K, 0% used [0x00000000d6f00000,0x00000000d6f00000,0x00000000e3d00000)
  from space 97280K, 76% used [0x00000000e9d00000,0x00000000ee5b8010,0x00000000efc00000)
  to   space 97792K, 0% used [0x00000000e3d00000,0x00000000e3d00000,0x00000000e9c80000)
 ParOldGen       total 412160K, used 286385K [0x0000000084c00000, 0x000000009de80000, 0x00000000d6f00000)
  object space 412160K, 69% used [0x0000000084c00000,0x00000000963ac408,0x000000009de80000)
 Metaspace       used 53545K, capacity 55521K, committed 61104K, reserved 1099776K
  class space    used 8816K, capacity 9365K, committed 10928K, reserved 1048576K
}
Event: 870,190 GC heap before
{Heap before GC invocations=113 (full 4):
 PSYoungGen      total 308224K, used 285408K [0x00000000d6f00000, 0x00000000efc00000, 0x0000000100000000)
  eden space 210944K, 100% used [0x00000000d6f00000,0x00000000e3d00000,0x00000000e3d00000)
  from space 97280K, 76% used [0x00000000e9d00000,0x00000000ee5b8010,0x00000000efc00000)
  to   space 97792K, 0% used [0x00000000e3d00000,0x00000000e3d00000,0x00000000e9c80000)
 ParOldGen       total 412160K, used 286385K [0x0000000084c00000, 0x000000009de80000, 0x00000000d6f00000)
  object space 412160K, 69% used [0x0000000084c00000,0x00000000963ac408,0x000000009de80000)
 Metaspace       used 53545K, capacity 55521K, committed 61104K, reserved 1099776K
  class space    used 8816K, capacity 9365K, committed 10928K, reserved 1048576K
Event: 870,225 GC heap after
Heap after GC invocations=113 (full 4):
 PSYoungGen      total 308736K, used 74784K [0x00000000d6f00000, 0x00000000efb80000, 0x0000000100000000)
  eden space 210944K, 0% used [0x00000000d6f00000,0x00000000d6f00000,0x00000000e3d00000)
  from space 97792K, 76% used [0x00000000e3d00000,0x00000000e8608010,0x00000000e9c80000)
  to   space 96768K, 0% used [0x00000000e9d00000,0x00000000e9d00000,0x00000000efb80000)
 ParOldGen       total 412160K, used 291185K [0x0000000084c00000, 0x000000009de80000, 0x00000000d6f00000)
  object space 412160K, 70% used [0x0000000084c00000,0x000000009685c408,0x000000009de80000)
 Metaspace       used 53545K, capacity 55521K, committed 61104K, reserved 1099776K
  class space    used 8816K, capacity 9365K, committed 10928K, reserved 1048576K
}
Event: 883,783 GC heap before
{Heap before GC invocations=114 (full 4):
 PSYoungGen      total 308736K, used 285728K [0x00000000d6f00000, 0x00000000efb80000, 0x0000000100000000)
  eden space 210944K, 100% used [0x00000000d6f00000,0x00000000e3d00000,0x00000000e3d00000)
  from space 97792K, 76% used [0x00000000e3d00000,0x00000000e8608010,0x00000000e9c80000)
  to   space 96768K, 0% used [0x00000000e9d00000,0x00000000e9d00000,0x00000000efb80000)
 ParOldGen       total 412160K, used 291185K [0x0000000084c00000, 0x000000009de80000, 0x00000000d6f00000)
  object space 412160K, 70% used [0x0000000084c00000,0x000000009685c408,0x000000009de80000)
 Metaspace       used 53545K, capacity 55521K, committed 61104K, reserved 1099776K
  class space    used 8816K, capacity 9365K, committed 10928K, reserved 1048576K
Event: 883,815 GC heap after
Heap after GC invocations=114 (full 4):
 PSYoungGen      total 308224K, used 75104K [0x00000000d6f00000, 0x00000000efa80000, 0x0000000100000000)
  eden space 212480K, 0% used [0x00000000d6f00000,0x00000000d6f00000,0x00000000e3e80000)
  from space 95744K, 78% used [0x00000000e9d00000,0x00000000ee658010,0x00000000efa80000)
  to   space 96256K, 0% used [0x00000000e3e80000,0x00000000e3e80000,0x00000000e9c80000)
 ParOldGen       total 412160K, used 295993K [0x0000000084c00000, 0x000000009de80000, 0x00000000d6f00000)
  object space 412160K, 71% used [0x0000000084c00000,0x0000000096d0e408,0x000000009de80000)
 Metaspace       used 53545K, capacity 55521K, committed 61104K, reserved 1099776K
  class space    used 8816K, capacity 9365K, committed 10928K, reserved 1048576K
}
Event: 897,426 GC heap before
{Heap before GC invocations=115 (full 4):
 PSYoungGen      total 308224K, used 287584K [0x00000000d6f00000, 0x00000000efa80000, 0x0000000100000000)
  eden space 212480K, 100% used [0x00000000d6f00000,0x00000000e3e80000,0x00000000e3e80000)
  from space 95744K, 78% used [0x00000000e9d00000,0x00000000ee658010,0x00000000efa80000)
  to   space 96256K, 0% used [0x00000000e3e80000,0x00000000e3e80000,0x00000000e9c80000)
 ParOldGen       total 412160K, used 295993K [0x0000000084c00000, 0x000000009de80000, 0x00000000d6f00000)
  object space 412160K, 71% used [0x0000000084c00000,0x0000000096d0e408,0x000000009de80000)
 Metaspace       used 53547K, capacity 55521K, committed 61104K, reserved 1099776K
  class space    used 8816K, capacity 9365K, committed 10928K, reserved 1048576K
Event: 897,461 GC heap after
Heap after GC invocations=115 (full 4):
 PSYoungGen      total 308736K, used 75392K [0x00000000d6f00000, 0x00000000efb00000, 0x0000000100000000)
  eden space 212480K, 0% used [0x00000000d6f00000,0x00000000d6f00000,0x00000000e3e80000)
  from space 96256K, 78% used [0x00000000e3e80000,0x00000000e8820010,0x00000000e9c80000)
  to   space 95744K, 0% used [0x00000000e9d80000,0x00000000e9d80000,0x00000000efb00000)
 ParOldGen       total 412160K, used 300809K [0x0000000084c00000, 0x000000009de80000, 0x00000000d6f00000)
  object space 412160K, 72% used [0x0000000084c00000,0x00000000971c2408,0x000000009de80000)
 Metaspace       used 53547K, capacity 55521K, committed 61104K, reserved 1099776K
  class space    used 8816K, capacity 9365K, committed 10928K, reserved 1048576K
}

